2024-06-27 02:11:32 Loading main app package /usr/lib/obsidian/obsidian.asar
2024-06-27 02:11:32 Checking for update using Github
2024-06-27 02:11:32 Success.
2024-06-27 02:11:32 Latest version is 1.6.5
2024-06-27 02:11:32 App is up to date.
2024-06-27 02:12:49 Loading main app package /usr/lib/obsidian/obsidian.asar
2024-06-27 02:12:49 Checking for update using Github
2024-06-27 02:12:49 Success.
2024-06-27 02:12:49 Latest version is 1.6.5
2024-06-27 02:12:49 App is up to date.
2024-06-27 03:12:49 Checking for update using Github
2024-06-27 03:12:49 Success.
2024-06-27 03:12:49 Latest version is 1.6.5
2024-06-27 03:12:49 App is up to date.
2024-06-27 04:12:49 Checking for update using Github
2024-06-27 04:12:49 Success.
2024-06-27 04:12:49 Latest version is 1.6.5
2024-06-27 04:12:49 App is up to date.
2024-06-27 04:13:38 Loading main app package /usr/lib/obsidian/obsidian.asar
2024-06-27 04:13:38 Checking for update using Github
2024-06-27 04:13:53 Loading main app package /usr/lib/obsidian/obsidian.asar
2024-06-27 04:13:53 Checking for update using Github
